
> @nosto/web-components@8.36.1 build-storybook
> storybook build

[1mstorybook v9.1.3
[22m
info => Cleaning outputDir: [36mstorybook-static[39m
info => Loading presets
info => Building manager..
info => Building preview..
[36mvite v6.3.4 [32mbuilding for production...[36m[39m
transforming...
[32m✓[39m 187 modules transformed.
rendering chunks...
computing gzip size...
[2mstorybook-static/[22m[32miframe.html                                 [39m[1m[2m   18.03 kB[22m[1m[22m[2m │ gzip:   5.09 kB[22m
[2mstorybook-static/[22m[2massets/[22m[35mControl-BgZr1SNq.css                 [39m[1m[2m    0.28 kB[22m[1m[22m[2m │ gzip:   0.21 kB[22m
[2mstorybook-static/[22m[2massets/[22m[35mImage-4Is8BtJ3.css                   [39m[1m[2m    0.45 kB[22m[1m[22m[2m │ gzip:   0.27 kB[22m
[2mstorybook-static/[22m[2massets/[22m[35mProductCard-uC81sxJM.css             [39m[1m[2m    0.74 kB[22m[1m[22m[2m │ gzip:   0.42 kB[22m
[2mstorybook-static/[22m[2massets/[22m[35mProduct-DKnvGGHh.css                 [39m[1m[2m    0.80 kB[22m[1m[22m[2m │ gzip:   0.38 kB[22m
[2mstorybook-static/[22m[2massets/[22m[35mCampaign-CDr1CcPw.css                [39m[1m[2m    0.81 kB[22m[1m[22m[2m │ gzip:   0.42 kB[22m
[2mstorybook-static/[22m[2massets/[22m[35mSkuOptions-RI4tlvIB.css              [39m[1m[2m    0.87 kB[22m[1m[22m[2m │ gzip:   0.42 kB[22m
[2mstorybook-static/[22m[2massets/[22m[36mstorybook-YY2TK1Am.js                [39m[1m[2m    0.06 kB[22m[1m[22m[2m │ gzip:   0.08 kB[22m
[2mstorybook-static/[22m[2massets/[22m[36mindex-C9y540EK.js                    [39m[1m[2m    0.50 kB[22m[1m[22m[2m │ gzip:   0.32 kB[22m
[2mstorybook-static/[22m[2massets/[22m[36mtesting.es-8wTgH1Dn.js               [39m[1m[2m    0.61 kB[22m[1m[22m[2m │ gzip:   0.33 kB[22m
[2mstorybook-static/[22m[2massets/[22m[36mpreload-helper-Dp1pzeXC.js           [39m[1m[2m    1.27 kB[22m[1m[22m[2m │ gzip:   0.73 kB[22m
[2mstorybook-static/[22m[2massets/[22m[36mVariantSelector.stories-DlYUl8lT.js  [39m[1m[2m    3.15 kB[22m[1m[22m[2m │ gzip:   1.03 kB[22m
[2mstorybook-static/[22m[2massets/[22m[36mSimpleCard.stories-DCUAwllX.js       [39m[1m[2m    6.63 kB[22m[1m[22m[2m │ gzip:   1.45 kB[22m
[2mstorybook-static/[22m[2massets/[22m[36mControl.stories-BwqIpq3t.js          [39m[1m[2m    6.72 kB[22m[1m[22m[2m │ gzip:   1.38 kB[22m
[2mstorybook-static/[22m[2massets/[22m[36mCampaign.stories-DHsBD6bk.js         [39m[1m[2m   10.21 kB[22m[1m[22m[2m │ gzip:   2.36 kB[22m
[2mstorybook-static/[22m[2massets/[22m[36mImage.stories-Clx7r57l.js            [39m[1m[2m   10.98 kB[22m[1m[22m[2m │ gzip:   2.68 kB[22m
[2mstorybook-static/[22m[2massets/[22m[36mProduct.stories-Xf7an6Lz.js          [39m[1m[2m   11.60 kB[22m[1m[22m[2m │ gzip:   2.52 kB[22m
[2mstorybook-static/[22m[2massets/[22m[36mSkuOptions.stories-PXzt-9eF.js       [39m[1m[2m   14.29 kB[22m[1m[22m[2m │ gzip:   2.37 kB[22m
[2mstorybook-static/[22m[2massets/[22m[36mProductCard.stories-51oI4DlE.js      [39m[1m[2m   15.96 kB[22m[1m[22m[2m │ gzip:   2.55 kB[22m
[2mstorybook-static/[22m[36mvite-inject-mocker-entry.js                 [39m[1m[2m   29.18 kB[22m[1m[22m[2m │ gzip:  10.13 kB[22m
[2mstorybook-static/[22m[2massets/[22m[36mColor-AVL7NMMY-BAWzXddJ.js           [39m[1m[2m   29.35 kB[22m[1m[22m[2m │ gzip:  11.05 kB[22m
[2mstorybook-static/[22m[2massets/[22m[36mDocsRenderer-PQXLIZUC-DssCpPmh.js    [39m[1m[33m  853.81 kB[39m[22m[2m │ gzip: 278.30 kB[22m
[2mstorybook-static/[22m[2massets/[22m[36miframe-BRpnbwYr.js                   [39m[1m[33m1,005.27 kB[39m[22m[2m │ gzip: 275.22 kB[22m
[33m
(!) Some chunks are larger than 500 kB after minification. Consider:
- Using dynamic import() to code-split the application
- Use build.rollupOptions.output.manualChunks to improve chunking: https://rollupjs.org/configuration-options/#output-manualchunks
- Adjust chunk size limit for this warning via build.chunkSizeWarningLimit.[39m
[32m✓ built in 4.32s[39m
info => Output directory: /home/runner/work/web-components/web-components/storybook-static
